2026-06-05 09:07:10 -  - exec CUpdateClientPartner::__CollectRequestData
2026-06-05 09:07:10 -  - exec CUpdateClientPartner::GetHTTPPage
2026-06-05 09:07:11 -  - exec CUpdateClientPartner::ParseServerData
2026-06-05 09:07:11 -  - exec CUpdateClientPartner::GetUpdatesList
2026-06-05 09:07:11 -  - exec CUpdateClientPartner::__CollectRequestData
2026-06-05 09:07:11 -  - utf=Y&lang=ru&stable=Y&CANGZIP=Y&SUPD_DBS=MYSQL&XE=N&CLIENT_SITE=localhost&LICENSE_KEY=X&SUPD_STS=1&SUPD_URS=0&TYPENC=D&CLIENT_PHPVER=8.2.20&NGINX=Y&dbv=8.0.37&instm=main%2C24.0.796%2CY%3Bvote%2C24.0.0%2CN%3Bclouds%2C24.100.0%2CN%3Bperfmon%2C24.0.0%2CN%3Bphotogallery%2C24.100.0%2CN%3Bseo%2C24.300.0%2CN%3Bbitrixcloud%2C24.0.0%2CN%3Bmobileapp%2C24.0.0%2CN%3Bforum%2C24.100.300%2CN%3Bsearch%2C24.0.0%2CN%3Bmessageservice%2C24.500.0%2CN%3Btranslate%2C24.0.0%2CN%3Bsocialservices%2C24.0.200%2CN%3Bui%2C24.300.0%2CN%3Bsecurity%2C24.0.0%2CN%3Bbitrix.sitecorporate%2C24.0.0%2CN%3Blanding%2C24.400.300%2CN%3Bform%2C24.0.0%2CN%3Bfileman%2C24.100.0%2CN%3Bsubscribe%2C24.0.0%2CN%3Brest%2C24.500.0%2CN%3Bblog%2C24.0.0%2CN%3Bb24connector%2C24.0.0%2CN%3Blocation%2C24.100.0%2CN%3Biblock%2C24.0.200%2CN%3Bhighloadblock%2C24.0.201%2CN&reqm=bitrix.sitecorporate&fullmoduleinfo=Y&SUPD_SRS=RU&SUPD_CMP=N
2026-06-05 09:07:11 -  - exec CUpdateClientPartner::GetHTTPPage
2026-06-05 09:07:12 -  - TIME GetUpdatesList(request) 0.691 sec
2026-06-05 09:07:12 -  - exec CUpdateClientPartner::ParseServerData
2026-06-05 09:07:12 -  - exec CUpdateClientPartner::__CollectRequestData
2026-06-05 09:07:12 -  - exec CUpdateClientPartner::GetHTTPPage
2026-06-05 09:07:12 -  - exec CUpdateClientPartner::ParseServerData
2026-06-08 09:01:26 -  - exec CUpdateClientPartner::__CollectRequestData
2026-06-08 09:01:26 -  - exec CUpdateClientPartner::GetHTTPPage
2026-06-08 09:01:28 -  - exec CUpdateClientPartner::ParseServerData
2026-06-08 09:01:28 -  - exec CUpdateClientPartner::GetUpdatesList
2026-06-08 09:01:28 -  - exec CUpdateClientPartner::__CollectRequestData
2026-06-08 09:01:28 -  - utf=Y&lang=ru&stable=Y&CANGZIP=Y&SUPD_DBS=MYSQL&XE=N&CLIENT_SITE=localhost&LICENSE_KEY=X&SUPD_STS=1&SUPD_URS=0&TYPENC=D&CLIENT_PHPVER=8.2.20&NGINX=Y&dbv=8.0.37&instm=main%2C24.0.796%2CY%3Bvote%2C24.0.0%2CN%3Bclouds%2C24.100.0%2CN%3Bperfmon%2C24.0.0%2CN%3Bphotogallery%2C24.100.0%2CN%3Bseo%2C24.300.0%2CN%3Bbitrixcloud%2C24.0.0%2CN%3Bmobileapp%2C24.0.0%2CN%3Bforum%2C24.100.300%2CN%3Bsearch%2C24.0.0%2CN%3Bmessageservice%2C24.500.0%2CN%3Btranslate%2C24.0.0%2CN%3Bsocialservices%2C24.0.200%2CN%3Bui%2C24.300.0%2CN%3Bsecurity%2C24.0.0%2CN%3Bbitrix.sitecorporate%2C24.0.0%2CN%3Blanding%2C24.400.300%2CN%3Bform%2C24.0.0%2CN%3Bfileman%2C24.100.0%2CN%3Bsubscribe%2C24.0.0%2CN%3Brest%2C24.500.0%2CN%3Bblog%2C24.0.0%2CN%3Bb24connector%2C24.0.0%2CN%3Blocation%2C24.100.0%2CN%3Biblock%2C24.0.200%2CN%3Bhighloadblock%2C24.0.201%2CN&reqm=bitrix.sitecorporate&fullmoduleinfo=Y&SUPD_SRS=RU&SUPD_CMP=N
2026-06-08 09:01:28 -  - exec CUpdateClientPartner::GetHTTPPage
2026-06-08 09:01:28 -  - TIME GetUpdatesList(request) 0.818 sec
2026-06-08 09:01:28 -  - exec CUpdateClientPartner::ParseServerData
2026-06-08 09:01:28 -  - exec CUpdateClientPartner::__CollectRequestData
2026-06-08 09:01:28 -  - exec CUpdateClientPartner::GetHTTPPage
2026-06-08 09:01:30 -  - exec CUpdateClientPartner::ParseServerData
2026-06-10 07:49:04 -  - exec CUpdateClientPartner::__CollectRequestData
2026-06-10 07:49:04 -  - exec CUpdateClientPartner::GetHTTPPage
2026-06-10 07:49:05 -  - exec CUpdateClientPartner::ParseServerData
2026-06-10 07:49:05 -  - exec CUpdateClientPartner::GetUpdatesList
2026-06-10 07:49:05 -  - exec CUpdateClientPartner::__CollectRequestData
2026-06-10 07:49:05 -  - utf=Y&lang=ru&stable=Y&CANGZIP=Y&SUPD_DBS=MYSQL&XE=N&CLIENT_SITE=localhost&LICENSE_KEY=X&SUPD_STS=1&SUPD_URS=0&TYPENC=D&CLIENT_PHPVER=8.2.20&NGINX=Y&dbv=8.0.37&instm=main%2C24.0.796%2CY%3Bvote%2C24.0.0%2CN%3Bclouds%2C24.100.0%2CN%3Bperfmon%2C24.0.0%2CN%3Bphotogallery%2C24.100.0%2CN%3Bseo%2C24.300.0%2CN%3Bbitrixcloud%2C24.0.0%2CN%3Bmobileapp%2C24.0.0%2CN%3Bforum%2C24.100.300%2CN%3Bsearch%2C24.0.0%2CN%3Bmessageservice%2C24.500.0%2CN%3Btranslate%2C24.0.0%2CN%3Bsocialservices%2C24.0.200%2CN%3Bui%2C24.300.0%2CN%3Bsecurity%2C24.0.0%2CN%3Bbitrix.sitecorporate%2C24.0.0%2CN%3Blanding%2C24.400.300%2CN%3Bform%2C24.0.0%2CN%3Bfileman%2C24.100.0%2CN%3Bsubscribe%2C24.0.0%2CN%3Brest%2C24.500.0%2CN%3Bblog%2C24.0.0%2CN%3Bb24connector%2C24.0.0%2CN%3Blocation%2C24.100.0%2CN%3Biblock%2C24.0.200%2CN%3Bhighloadblock%2C24.0.201%2CN&reqm=bitrix.sitecorporate&fullmoduleinfo=Y&SUPD_SRS=RU&SUPD_CMP=N
2026-06-10 07:49:05 -  - exec CUpdateClientPartner::GetHTTPPage
2026-06-10 07:49:05 -  - TIME GetUpdatesList(request) 0.329 sec
2026-06-10 07:49:05 -  - exec CUpdateClientPartner::ParseServerData
2026-06-10 07:49:05 -  - exec CUpdateClientPartner::__CollectRequestData
2026-06-10 07:49:05 -  - exec CUpdateClientPartner::GetHTTPPage
2026-06-10 07:49:05 -  - exec CUpdateClientPartner::ParseServerData
2026-06-11 07:56:05 -  - exec CUpdateClientPartner::__CollectRequestData
2026-06-11 07:56:05 -  - exec CUpdateClientPartner::GetHTTPPage
2026-06-11 07:56:05 -  - exec CUpdateClientPartner::ParseServerData
2026-06-11 07:56:05 -  - exec CUpdateClientPartner::GetUpdatesList
2026-06-11 07:56:05 -  - exec CUpdateClientPartner::__CollectRequestData
2026-06-11 07:56:05 -  - utf=Y&lang=ru&stable=Y&CANGZIP=Y&SUPD_DBS=MYSQL&XE=N&CLIENT_SITE=localhost&LICENSE_KEY=X&SUPD_STS=1&SUPD_URS=0&TYPENC=D&CLIENT_PHPVER=8.2.20&NGINX=Y&dbv=8.0.37&instm=main%2C24.0.796%2CY%3Bvote%2C24.0.0%2CN%3Bclouds%2C24.100.0%2CN%3Bperfmon%2C24.0.0%2CN%3Bphotogallery%2C24.100.0%2CN%3Bseo%2C24.300.0%2CN%3Bbitrixcloud%2C24.0.0%2CN%3Bmobileapp%2C24.0.0%2CN%3Bforum%2C24.100.300%2CN%3Bsearch%2C24.0.0%2CN%3Bmessageservice%2C24.500.0%2CN%3Btranslate%2C24.0.0%2CN%3Bsocialservices%2C24.0.200%2CN%3Bui%2C24.300.0%2CN%3Bsecurity%2C24.0.0%2CN%3Bbitrix.sitecorporate%2C24.0.0%2CN%3Blanding%2C24.400.300%2CN%3Bform%2C24.0.0%2CN%3Bfileman%2C24.100.0%2CN%3Bsubscribe%2C24.0.0%2CN%3Brest%2C24.500.0%2CN%3Bblog%2C24.0.0%2CN%3Bb24connector%2C24.0.0%2CN%3Blocation%2C24.100.0%2CN%3Biblock%2C24.0.200%2CN%3Bhighloadblock%2C24.0.201%2CN&reqm=bitrix.sitecorporate&fullmoduleinfo=Y&SUPD_SRS=RU&SUPD_CMP=N
2026-06-11 07:56:05 -  - exec CUpdateClientPartner::GetHTTPPage
2026-06-11 07:56:06 -  - TIME GetUpdatesList(request) 0.341 sec
2026-06-11 07:56:06 -  - exec CUpdateClientPartner::ParseServerData
2026-06-11 07:56:06 -  - exec CUpdateClientPartner::__CollectRequestData
2026-06-11 07:56:06 -  - exec CUpdateClientPartner::GetHTTPPage
2026-06-11 07:56:06 -  - exec CUpdateClientPartner::ParseServerData
2026-06-15 07:42:39 -  - exec CUpdateClientPartner::__CollectRequestData
2026-06-15 07:42:39 -  - exec CUpdateClientPartner::GetHTTPPage
2026-06-15 07:42:39 -  - exec CUpdateClientPartner::ParseServerData
2026-06-15 07:42:39 -  - exec CUpdateClientPartner::GetUpdatesList
2026-06-15 07:42:39 -  - exec CUpdateClientPartner::__CollectRequestData
2026-06-15 07:42:39 -  - utf=Y&lang=ru&stable=Y&CANGZIP=Y&SUPD_DBS=MYSQL&XE=N&CLIENT_SITE=localhost&LICENSE_KEY=X&SUPD_STS=1&SUPD_URS=0&TYPENC=D&CLIENT_PHPVER=8.2.20&NGINX=Y&dbv=8.0.37&instm=main%2C24.0.796%2CY%3Bvote%2C24.0.0%2CN%3Bclouds%2C24.100.0%2CN%3Bperfmon%2C24.0.0%2CN%3Bphotogallery%2C24.100.0%2CN%3Bseo%2C24.300.0%2CN%3Bbitrixcloud%2C24.0.0%2CN%3Bmobileapp%2C24.0.0%2CN%3Bforum%2C24.100.300%2CN%3Bsearch%2C24.0.0%2CN%3Bmessageservice%2C24.500.0%2CN%3Btranslate%2C24.0.0%2CN%3Bsocialservices%2C24.0.200%2CN%3Bui%2C24.300.0%2CN%3Bsecurity%2C24.0.0%2CN%3Bbitrix.sitecorporate%2C24.0.0%2CN%3Blanding%2C24.400.300%2CN%3Bform%2C24.0.0%2CN%3Bfileman%2C24.100.0%2CN%3Bsubscribe%2C24.0.0%2CN%3Brest%2C24.500.0%2CN%3Bblog%2C24.0.0%2CN%3Bb24connector%2C24.0.0%2CN%3Blocation%2C24.100.0%2CN%3Biblock%2C24.0.200%2CN%3Bhighloadblock%2C24.0.201%2CN&reqm=bitrix.sitecorporate&fullmoduleinfo=Y&SUPD_SRS=RU&SUPD_CMP=N
2026-06-15 07:42:39 -  - exec CUpdateClientPartner::GetHTTPPage
2026-06-15 07:42:40 -  - TIME GetUpdatesList(request) 0.326 sec
2026-06-15 07:42:40 -  - exec CUpdateClientPartner::ParseServerData
2026-06-15 07:42:40 -  - exec CUpdateClientPartner::__CollectRequestData
2026-06-15 07:42:40 -  - exec CUpdateClientPartner::GetHTTPPage
2026-06-15 07:42:40 -  - exec CUpdateClientPartner::ParseServerData
2026-06-16 08:47:57 -  - exec CUpdateClientPartner::__CollectRequestData
2026-06-16 08:47:57 -  - exec CUpdateClientPartner::GetHTTPPage
2026-06-16 08:47:58 -  - exec CUpdateClientPartner::ParseServerData
2026-06-16 08:47:58 -  - exec CUpdateClientPartner::GetUpdatesList
2026-06-16 08:47:58 -  - exec CUpdateClientPartner::__CollectRequestData
2026-06-16 08:47:58 -  - utf=Y&lang=ru&stable=Y&CANGZIP=Y&SUPD_DBS=MYSQL&XE=N&CLIENT_SITE=localhost&LICENSE_KEY=X&SUPD_STS=1&SUPD_URS=0&TYPENC=D&CLIENT_PHPVER=8.2.20&NGINX=Y&dbv=8.0.37&instm=main%2C24.0.796%2CY%3Bvote%2C24.0.0%2CN%3Bclouds%2C24.100.0%2CN%3Bperfmon%2C24.0.0%2CN%3Bphotogallery%2C24.100.0%2CN%3Bseo%2C24.300.0%2CN%3Bbitrixcloud%2C24.0.0%2CN%3Bmobileapp%2C24.0.0%2CN%3Bforum%2C24.100.300%2CN%3Bsearch%2C24.0.0%2CN%3Bmessageservice%2C24.500.0%2CN%3Btranslate%2C24.0.0%2CN%3Bsocialservices%2C24.0.200%2CN%3Bui%2C24.300.0%2CN%3Bsecurity%2C24.0.0%2CN%3Bbitrix.sitecorporate%2C24.0.0%2CN%3Blanding%2C24.400.300%2CN%3Bform%2C24.0.0%2CN%3Bfileman%2C24.100.0%2CN%3Bsubscribe%2C24.0.0%2CN%3Brest%2C24.500.0%2CN%3Bblog%2C24.0.0%2CN%3Bb24connector%2C24.0.0%2CN%3Blocation%2C24.100.0%2CN%3Biblock%2C24.0.200%2CN%3Bhighloadblock%2C24.0.201%2CN&reqm=bitrix.sitecorporate&fullmoduleinfo=Y&SUPD_SRS=RU&SUPD_CMP=N
2026-06-16 08:47:58 -  - exec CUpdateClientPartner::GetHTTPPage
2026-06-16 08:47:58 -  - TIME GetUpdatesList(request) 0.32 sec
2026-06-16 08:47:58 -  - exec CUpdateClientPartner::ParseServerData
2026-06-16 08:47:58 -  - exec CUpdateClientPartner::__CollectRequestData
2026-06-16 08:47:58 -  - exec CUpdateClientPartner::GetHTTPPage
2026-06-16 08:47:58 -  - exec CUpdateClientPartner::ParseServerData
2026-06-17 08:54:51 -  - exec CUpdateClientPartner::__CollectRequestData
2026-06-17 08:54:51 -  - exec CUpdateClientPartner::GetHTTPPage
2026-06-17 08:54:52 -  - exec CUpdateClientPartner::ParseServerData
2026-06-17 08:54:52 -  - exec CUpdateClientPartner::GetUpdatesList
2026-06-17 08:54:52 -  - exec CUpdateClientPartner::__CollectRequestData
2026-06-17 08:54:52 -  - utf=Y&lang=ru&stable=Y&CANGZIP=Y&SUPD_DBS=MYSQL&XE=N&CLIENT_SITE=localhost&LICENSE_KEY=X&SUPD_STS=1&SUPD_URS=0&TYPENC=D&CLIENT_PHPVER=8.2.20&NGINX=Y&dbv=8.0.37&instm=main%2C24.0.796%2CY%3Bvote%2C24.0.0%2CN%3Bclouds%2C24.100.0%2CN%3Bperfmon%2C24.0.0%2CN%3Bphotogallery%2C24.100.0%2CN%3Bseo%2C24.300.0%2CN%3Bbitrixcloud%2C24.0.0%2CN%3Bmobileapp%2C24.0.0%2CN%3Bforum%2C24.100.300%2CN%3Bsearch%2C24.0.0%2CN%3Bmessageservice%2C24.500.0%2CN%3Btranslate%2C24.0.0%2CN%3Bsocialservices%2C24.0.200%2CN%3Bui%2C24.300.0%2CN%3Bsecurity%2C24.0.0%2CN%3Bbitrix.sitecorporate%2C24.0.0%2CN%3Blanding%2C24.400.300%2CN%3Bform%2C24.0.0%2CN%3Bfileman%2C24.100.0%2CN%3Bsubscribe%2C24.0.0%2CN%3Brest%2C24.500.0%2CN%3Bblog%2C24.0.0%2CN%3Bb24connector%2C24.0.0%2CN%3Blocation%2C24.100.0%2CN%3Biblock%2C24.0.200%2CN%3Bhighloadblock%2C24.0.201%2CN&reqm=bitrix.sitecorporate&fullmoduleinfo=Y&SUPD_SRS=RU&SUPD_CMP=N
2026-06-17 08:54:52 -  - exec CUpdateClientPartner::GetHTTPPage
2026-06-17 08:54:52 -  - TIME GetUpdatesList(request) 0.35 sec
2026-06-17 08:54:52 -  - exec CUpdateClientPartner::ParseServerData
2026-06-17 08:54:52 -  - exec CUpdateClientPartner::__CollectRequestData
2026-06-17 08:54:52 -  - exec CUpdateClientPartner::GetHTTPPage
2026-06-17 08:54:52 -  - exec CUpdateClientPartner::ParseServerData
2026-06-18 09:40:55 -  - exec CUpdateClientPartner::__CollectRequestData
2026-06-18 09:40:55 -  - exec CUpdateClientPartner::GetHTTPPage
2026-06-18 09:40:55 -  - exec CUpdateClientPartner::ParseServerData
2026-06-18 09:40:55 -  - exec CUpdateClientPartner::GetUpdatesList
2026-06-18 09:40:55 -  - exec CUpdateClientPartner::__CollectRequestData
2026-06-18 09:40:55 -  - utf=Y&lang=ru&stable=Y&CANGZIP=Y&SUPD_DBS=MYSQL&XE=N&CLIENT_SITE=localhost&LICENSE_KEY=X&SUPD_STS=1&SUPD_URS=0&TYPENC=D&CLIENT_PHPVER=8.2.20&NGINX=Y&dbv=8.0.37&instm=main%2C24.0.796%2CY%3Bvote%2C24.0.0%2CN%3Bclouds%2C24.100.0%2CN%3Bperfmon%2C24.0.0%2CN%3Bphotogallery%2C24.100.0%2CN%3Bseo%2C24.300.0%2CN%3Bbitrixcloud%2C24.0.0%2CN%3Bmobileapp%2C24.0.0%2CN%3Bforum%2C24.100.300%2CN%3Bsearch%2C24.0.0%2CN%3Bmessageservice%2C24.500.0%2CN%3Btranslate%2C24.0.0%2CN%3Bsocialservices%2C24.0.200%2CN%3Bui%2C24.300.0%2CN%3Bsecurity%2C24.0.0%2CN%3Bbitrix.sitecorporate%2C24.0.0%2CN%3Blanding%2C24.400.300%2CN%3Bform%2C24.0.0%2CN%3Bfileman%2C24.100.0%2CN%3Bsubscribe%2C24.0.0%2CN%3Brest%2C24.500.0%2CN%3Bblog%2C24.0.0%2CN%3Bb24connector%2C24.0.0%2CN%3Blocation%2C24.100.0%2CN%3Biblock%2C24.0.200%2CN%3Bhighloadblock%2C24.0.201%2CN&reqm=bitrix.sitecorporate&fullmoduleinfo=Y&SUPD_SRS=RU&SUPD_CMP=N
2026-06-18 09:40:55 -  - exec CUpdateClientPartner::GetHTTPPage
2026-06-18 09:40:56 -  - TIME GetUpdatesList(request) 0.336 sec
2026-06-18 09:40:56 -  - exec CUpdateClientPartner::ParseServerData
2026-06-18 09:40:56 -  - exec CUpdateClientPartner::__CollectRequestData
2026-06-18 09:40:56 -  - exec CUpdateClientPartner::GetHTTPPage
2026-06-18 09:40:56 -  - exec CUpdateClientPartner::ParseServerData
2026-06-19 09:44:22 -  - exec CUpdateClientPartner::__CollectRequestData
2026-06-19 09:44:22 -  - exec CUpdateClientPartner::GetHTTPPage
2026-06-19 09:44:22 -  - exec CUpdateClientPartner::ParseServerData
2026-06-19 09:44:22 -  - exec CUpdateClientPartner::GetUpdatesList
2026-06-19 09:44:22 -  - exec CUpdateClientPartner::__CollectRequestData
2026-06-19 09:44:22 -  - utf=Y&lang=ru&stable=Y&CANGZIP=Y&SUPD_DBS=MYSQL&XE=N&CLIENT_SITE=localhost&LICENSE_KEY=X&SUPD_STS=1&SUPD_URS=0&TYPENC=D&CLIENT_PHPVER=8.2.20&NGINX=Y&dbv=8.0.37&instm=main%2C24.0.796%2CY%3Bvote%2C24.0.0%2CN%3Bclouds%2C24.100.0%2CN%3Bperfmon%2C24.0.0%2CN%3Bphotogallery%2C24.100.0%2CN%3Bseo%2C24.300.0%2CN%3Bbitrixcloud%2C24.0.0%2CN%3Bmobileapp%2C24.0.0%2CN%3Bforum%2C24.100.300%2CN%3Bsearch%2C24.0.0%2CN%3Bmessageservice%2C24.500.0%2CN%3Btranslate%2C24.0.0%2CN%3Bsocialservices%2C24.0.200%2CN%3Bui%2C24.300.0%2CN%3Bsecurity%2C24.0.0%2CN%3Bbitrix.sitecorporate%2C24.0.0%2CN%3Blanding%2C24.400.300%2CN%3Bform%2C24.0.0%2CN%3Bfileman%2C24.100.0%2CN%3Bsubscribe%2C24.0.0%2CN%3Brest%2C24.500.0%2CN%3Bblog%2C24.0.0%2CN%3Bb24connector%2C24.0.0%2CN%3Blocation%2C24.100.0%2CN%3Biblock%2C24.0.200%2CN%3Bhighloadblock%2C24.0.201%2CN&reqm=bitrix.sitecorporate&fullmoduleinfo=Y&SUPD_SRS=RU&SUPD_CMP=N
2026-06-19 09:44:22 -  - exec CUpdateClientPartner::GetHTTPPage
2026-06-19 09:44:23 -  - TIME GetUpdatesList(request) 0.349 sec
2026-06-19 09:44:23 -  - exec CUpdateClientPartner::ParseServerData
2026-06-19 09:44:23 -  - exec CUpdateClientPartner::__CollectRequestData
2026-06-19 09:44:23 -  - exec CUpdateClientPartner::GetHTTPPage
2026-06-19 09:44:23 -  - exec CUpdateClientPartner::ParseServerData
2026-06-22 07:51:38 -  - exec CUpdateClientPartner::__CollectRequestData
2026-06-22 07:51:38 -  - exec CUpdateClientPartner::GetHTTPPage
2026-06-22 07:51:39 -  - exec CUpdateClientPartner::ParseServerData
2026-06-22 07:51:39 -  - exec CUpdateClientPartner::GetUpdatesList
2026-06-22 07:51:39 -  - exec CUpdateClientPartner::__CollectRequestData
2026-06-22 07:51:39 -  - utf=Y&lang=ru&stable=Y&CANGZIP=Y&SUPD_DBS=MYSQL&XE=N&CLIENT_SITE=localhost&LICENSE_KEY=X&SUPD_STS=1&SUPD_URS=0&TYPENC=D&CLIENT_PHPVER=8.2.20&NGINX=Y&dbv=8.0.37&instm=main%2C24.0.796%2CY%3Bvote%2C24.0.0%2CN%3Bclouds%2C24.100.0%2CN%3Bperfmon%2C24.0.0%2CN%3Bphotogallery%2C24.100.0%2CN%3Bseo%2C24.300.0%2CN%3Bbitrixcloud%2C24.0.0%2CN%3Bmobileapp%2C24.0.0%2CN%3Bforum%2C24.100.300%2CN%3Bsearch%2C24.0.0%2CN%3Bmessageservice%2C24.500.0%2CN%3Btranslate%2C24.0.0%2CN%3Bsocialservices%2C24.0.200%2CN%3Bui%2C24.300.0%2CN%3Bsecurity%2C24.0.0%2CN%3Bbitrix.sitecorporate%2C24.0.0%2CN%3Blanding%2C24.400.300%2CN%3Bform%2C24.0.0%2CN%3Bfileman%2C24.100.0%2CN%3Bsubscribe%2C24.0.0%2CN%3Brest%2C24.500.0%2CN%3Bblog%2C24.0.0%2CN%3Bb24connector%2C24.0.0%2CN%3Blocation%2C24.100.0%2CN%3Biblock%2C24.0.200%2CN%3Bhighloadblock%2C24.0.201%2CN&reqm=bitrix.sitecorporate&fullmoduleinfo=Y&SUPD_SRS=RU&SUPD_CMP=N
2026-06-22 07:51:39 -  - exec CUpdateClientPartner::GetHTTPPage
2026-06-22 07:51:39 -  - TIME GetUpdatesList(request) 0.355 sec
2026-06-22 07:51:39 -  - exec CUpdateClientPartner::ParseServerData
2026-06-22 07:51:39 -  - exec CUpdateClientPartner::__CollectRequestData
2026-06-22 07:51:39 -  - exec CUpdateClientPartner::GetHTTPPage
2026-06-22 07:51:40 -  - exec CUpdateClientPartner::ParseServerData
